\BOOKMARK [0][-]{chapter*.1}{\376\377\144\130\000\040\211\201}{}% 1
\BOOKMARK [0][-]{chapter*.2}{\376\377\000A\000b\000s\000t\000r\000a\000c\000t}{}% 2
\BOOKMARK [0][-]{section*.3}{\376\377\143\322\126\376\156\005\123\125}{}% 3
\BOOKMARK [0][-]{section*.4}{\376\377\226\104\210\150\156\005\123\125}{}% 4
\BOOKMARK [0][-]{chapter*.5}{\376\377\177\051\165\145\213\315\210\150}{}% 5
\BOOKMARK [0][-]{chapter.1}{\376\377\176\352\213\272}{}% 6
\BOOKMARK [1][-]{section.1.1}{\376\377\170\024\172\166\200\314\146\157\123\312\141\017\116\111}{chapter.1}% 7
\BOOKMARK [1][-]{section.1.2}{\376\377\126\375\121\205\131\026\170\024\172\166\163\260\162\266\122\006\147\220}{chapter.1}% 8
\BOOKMARK [2][-]{subsection.1.2.1}{\376\377\116\011\176\247\150\007\230\230}{section.1.2}% 9
\BOOKMARK [1][-]{section.1.3}{\376\377\170\024\172\166\121\205\133\271}{chapter.1}% 10
\BOOKMARK [1][-]{section.1.4}{\376\377\176\304\176\307\176\323\147\204}{chapter.1}% 11
\BOOKMARK [0][-]{chapter.2}{\376\377\116\073\117\123}{}% 12
\BOOKMARK [1][-]{section.2.1}{\376\377\153\143\145\207\166\370\121\163\211\201\154\102}{chapter.2}% 13
\BOOKMARK [1][-]{section.2.2}{\376\377\230\165\227\142\213\276\177\156\116\016\142\123\123\160\211\201\154\102}{chapter.2}% 14
\BOOKMARK [1][-]{section.2.3}{\376\377\147\054\172\340\134\017\176\323}{chapter.2}% 15
\BOOKMARK [0][-]{chapter.3}{\376\377\145\207\163\056\150\007\154\350}{}% 16
\BOOKMARK [1][-]{section.3.1}{\376\377\137\025\165\050\123\125\173\307\145\207\163\056\166\204\230\172\136\217\177\026\170\001\211\304\122\031}{chapter.3}% 17
\BOOKMARK [1][-]{section.3.2}{\376\377\137\025\165\050\131\032\173\307\145\207\163\056\166\204\230\172\136\217\177\026\170\001\211\304\122\031}{chapter.3}% 18
\BOOKMARK [0][-]{chapter.4}{\376\377\126\376\210\150\060\001\121\154\137\017\150\074\137\017}{}% 19
\BOOKMARK [1][-]{section.4.1}{\376\377\126\376\166\204\150\074\137\017}{chapter.4}% 20
\BOOKMARK [1][-]{section.4.2}{\376\377\210\150\166\204\150\074\137\017}{chapter.4}% 21
\BOOKMARK [1][-]{section.4.3}{\376\377\121\154\137\017\166\204\150\074\137\017}{chapter.4}% 22
\BOOKMARK [0][-]{chapter.5}{\376\377\140\073\176\323\116\016\134\125\147\033}{}% 23
\BOOKMARK [1][-]{section.5.1}{\376\377\135\345\117\134\140\073\176\323}{chapter.5}% 24
\BOOKMARK [1][-]{section.5.2}{\376\377\135\345\117\134\134\125\147\033}{chapter.5}% 25
\BOOKMARK [0][-]{chapter*.8}{\376\377\123\302\200\003\145\207\163\056}{}% 26
\BOOKMARK [0][-]{appendix*.9}{\376\377\210\145\121\105\147\120\145\231}{}% 27
\BOOKMARK [0][-]{appendix*.10}{\376\377\117\134\200\005\173\200\123\206\123\312\127\050\133\146\147\037\225\364\123\326\137\227\166\204\122\033\145\260\140\047\142\020\147\234}{}% 28
\BOOKMARK [0][-]{appendix*.11}{\376\377\201\364\000\040\214\042}{}% 29
